<?xml version="1.0" encoding="UTF-8"?>
<!-- Generated by org.testng.reporters.JUnitReportReporter -->
<testsuite name="com.test.Gmail.Testdriver.LoginPage" tests="1" time="9.529" ignored="2" failures="0" timestamp="05 Mar 2017 19:29:33 GMT" skipped="0" hostname="Saikrishna" errors="0">
  <testcase name="TC0001" time="9.529" classname="com.test.Gmail.Testdriver.LoginPage"/>
  <testcase name="TC0002" classname="com.test.Gmail.Testdriver.LoginPage">
    <skipped/>
  </testcase> <!-- TC0002 -->
  <testcase name="TC0003" classname="com.test.Gmail.Testdriver.LoginPage">
    <skipped/>
  </testcase> <!-- TC0003 -->
</testsuite> <!-- com.test.Gmail.Testdriver.LoginPage -->
